# JRE version: Java(TM) SE Runtime Environment (21.0.5+9) (build 21.0.5+9-LTS-239)
# Java VM: Java HotSpot(TM) 64-Bit Server VM (21.0.5+9-LTS-239, mixed mode, emulated-client, sharing, tiered, compressed oops, compressed class ptrs, g1 gc, bsd-aarch64)
GC Precious Log:
 CardTable entry size: 512
 Card Set container configuration: InlinePtr #cards 5 size 8 Array Of Cards #cards 12 size 40 Howl #buckets 4 coarsen threshold 1843 Howl Bitmap #cards 512 size 80 coarsen threshold 460 Card regions per heap region 1 cards per card region 2048
 CPUs: 8 total, 8 available
 Memory: 8192M
 Large Page Support: Disabled
 NUMA Support: Disabled
 Compressed Oops: Enabled (Zero based)
 Heap Region Size: 1M
 Heap Min Capacity: 8M
 Heap Initial Capacity: 128M
 Heap Max Capacity: 2G
 Pre-touch: Disabled
 Parallel Workers: 8
 Concurrent Workers: 2
 Concurrent Refinement Workers: 8
 Periodic GC: Disabled
Heap:
 garbage-first heap   total 143360K, used 83363K [0x0000000780000000, 0x0000000800000000)
  region size 1024K, 36 young (36864K), 8 survivors (8192K)
 Metaspace       used 79913K, committed 80704K, reserved 1179648K
  class space    used 11314K, committed 11648K, reserved 1048576K
GC Heap History (20 events):
Event: 2.776 GC heap before
{Heap before GC invocations=18 (full 0):
 garbage-first heap   total 96256K, used 82115K [0x0000000780000000, 0x0000000800000000)
  region size 1024K, 56 young (57344K), 3 survivors (3072K)
 Metaspace       used 64399K, committed 65088K, reserved 1114112K
  class space    used 8842K, committed 9152K, reserved 1048576K
}
Event: 2.778 GC heap after
{Heap after GC invocations=19 (full 0):
 garbage-first heap   total 96256K, used 30127K [0x0000000780000000, 0x0000000800000000)
  region size 1024K, 6 young (6144K), 6 survivors (6144K)
 Metaspace       used 64399K, committed 65088K, reserved 1114112K
  class space    used 8842K, committed 9152K, reserved 1048576K
}
Event: 2.954 GC heap before
{Heap before GC invocations=19 (full 0):
 garbage-first heap   total 96256K, used 81327K [0x0000000780000000, 0x0000000800000000)
  region size 1024K, 56 young (57344K), 6 survivors (6144K)
 Metaspace       used 67466K, committed 68224K, reserved 1114112K
  class space    used 9403K, committed 9728K, reserved 1048576K
}
Event: 2.957 GC heap after
{Heap after GC invocations=20 (full 0):
 garbage-first heap   total 96256K, used 31466K [0x0000000780000000, 0x0000000800000000)
  region size 1024K, 5 young (5120K), 5 survivors (5120K)
 Metaspace       used 67466K, committed 68224K, reserved 1114112K
  class space    used 9403K, committed 9728K, reserved 1048576K
}
Event: 3.036 GC heap before
{Heap before GC invocations=20 (full 0):
 garbage-first heap   total 96256K, used 83690K [0x0000000780000000, 0x0000000800000000)
  region size 1024K, 56 young (57344K), 5 survivors (5120K)
 Metaspace       used 67500K, committed 68224K, reserved 1114112K
  class space    used 9409K, committed 9728K, reserved 1048576K
}
Event: 3.038 GC heap after
{Heap after GC invocations=21 (full 0):
 garbage-first heap   total 96256K, used 32326K [0x0000000780000000, 0x0000000800000000)
  region size 1024K, 3 young (3072K), 3 survivors (3072K)
 Metaspace       used 67500K, committed 68224K, reserved 1114112K
  class space    used 9409K, committed 9728K, reserved 1048576K
}
Event: 3.137 GC heap before
{Heap before GC invocations=21 (full 0):
 garbage-first heap   total 96256K, used 84550K [0x0000000780000000, 0x0000000800000000)
  region size 1024K, 55 young (56320K), 3 survivors (3072K)
 Metaspace       used 68915K, committed 69632K, reserved 1114112K
  class space    used 9697K, committed 9984K, reserved 1048576K
}
Event: 3.138 GC heap after
{Heap after GC invocations=22 (full 0):
 garbage-first heap   total 115712K, used 32658K [0x0000000780000000, 0x0000000800000000)
  region size 1024K, 3 young (3072K), 3 survivors (3072K)
 Metaspace       used 68915K, committed 69632K, reserved 1114112K
  class space    used 9697K, committed 9984K, reserved 1048576K
}
Event: 3.249 GC heap before
{Heap before GC invocations=23 (full 0):
 garbage-first heap   total 115712K, used 98194K [0x0000000780000000, 0x0000000800000000)
  region size 1024K, 67 young (68608K), 3 survivors (3072K)
 Metaspace       used 69248K, committed 69952K, reserved 1114112K
  class space    used 9779K, committed 10048K, reserved 1048576K
}
Event: 3.254 GC heap after
{Heap after GC invocations=24 (full 0):
 garbage-first heap   total 115712K, used 46506K [0x0000000780000000, 0x0000000800000000)
  region size 1024K, 9 young (9216K), 9 survivors (9216K)
 Metaspace       used 69248K, committed 69952K, reserved 1114112K
  class space    used 9779K, committed 10048K, reserved 1048576K
}
Event: 3.330 GC heap before
{Heap before GC invocations=24 (full 0):
 garbage-first heap   total 115712K, used 98730K [0x0000000780000000, 0x0000000800000000)
  region size 1024K, 59 young (60416K), 9 survivors (9216K)
 Metaspace       used 69248K, committed 69952K, reserved 1114112K
  class space    used 9779K, committed 10048K, reserved 1048576K
}
Event: 3.339 GC heap after
{Heap after GC invocations=25 (full 0):
 garbage-first heap   total 126976K, used 65335K [0x0000000780000000, 0x0000000800000000)
  region size 1024K, 8 young (8192K), 8 survivors (8192K)
 Metaspace       used 69248K, committed 69952K, reserved 1114112K
  class space    used 9779K, committed 10048K, reserved 1048576K
}
Event: 3.390 GC heap before
{Heap before GC invocations=25 (full 0):
 garbage-first heap   total 126976K, used 103223K [0x0000000780000000, 0x0000000800000000)
  region size 1024K, 45 young (46080K), 8 survivors (8192K)
 Metaspace       used 69249K, committed 69952K, reserved 1114112K
  class space    used 9779K, committed 10048K, reserved 1048576K
}
Event: 3.395 GC heap after
{Heap after GC invocations=26 (full 0):
 garbage-first heap   total 126976K, used 71416K [0x0000000780000000, 0x0000000800000000)
  region size 1024K, 5 young (5120K), 5 survivors (5120K)
 Metaspace       used 69249K, committed 69952K, reserved 1114112K
  class space    used 9779K, committed 10048K, reserved 1048576K
}
Event: 3.467 GC heap before
{Heap before GC invocations=27 (full 0):
 garbage-first heap   total 143360K, used 104184K [0x0000000780000000, 0x0000000800000000)
  region size 1024K, 39 young (39936K), 5 survivors (5120K)
 Metaspace       used 70152K, committed 70848K, reserved 1114112K
  class space    used 9917K, committed 10240K, reserved 1048576K
}
Event: 3.468 GC heap after
{Heap after GC invocations=28 (full 0):
 garbage-first heap   total 143360K, used 67554K [0x0000000780000000, 0x0000000800000000)
  region size 1024K, 1 young (1024K), 1 survivors (1024K)
 Metaspace       used 70152K, committed 70848K, reserved 1114112K
  class space    used 9917K, committed 10240K, reserved 1048576K
}
Event: 3.720 GC heap before
{Heap before GC invocations=28 (full 0):
 garbage-first heap   total 143360K, used 122850K [0x0000000780000000, 0x0000000800000000)
  region size 1024K, 55 young (56320K), 1 survivors (1024K)
 Metaspace       used 74145K, committed 74880K, reserved 1114112K
  class space    used 10489K, committed 10816K, reserved 1048576K
}
Event: 3.722 GC heap after
{Heap after GC invocations=29 (full 0):
 garbage-first heap   total 143360K, used 69613K [0x0000000780000000, 0x0000000800000000)
  region size 1024K, 4 young (4096K), 4 survivors (4096K)
 Metaspace       used 74145K, committed 74880K, reserved 1114112K
  class space    used 10489K, committed 10816K, reserved 1048576K
}
Event: 10.314 GC heap before
{Heap before GC invocations=29 (full 0):
 garbage-first heap   total 143360K, used 122861K [0x0000000780000000, 0x0000000800000000)
  region size 1024K, 57 young (58368K), 4 survivors (4096K)
 Metaspace       used 78204K, committed 79040K, reserved 1179648K
  class space    used 11051K, committed 11392K, reserved 1048576K
}
Event: 10.322 GC heap after
{Heap after GC invocations=30 (full 0):
 garbage-first heap   total 143360K, used 73643K [0x0000000780000000, 0x0000000800000000)
  region size 1024K, 8 young (8192K), 8 survivors (8192K)
 Metaspace       used 78204K, committed 79040K, reserved 1179648K
  class space    used 11051K, committed 11392K, reserved 1048576K
}

