# JRE version: Java(TM) SE Runtime Environment (21.0.5+9) (build 21.0.5+9-LTS-239)
# Java VM: Java HotSpot(TM) 64-Bit Server VM (21.0.5+9-LTS-239, mixed mode, emulated-client, sharing, tiered, compressed oops, compressed class ptrs, g1 gc, bsd-aarch64)
GC Precious Log:
 CardTable entry size: 512
 Card Set container configuration: InlinePtr #cards 5 size 8 Array Of Cards #cards 12 size 40 Howl #buckets 4 coarsen threshold 1843 Howl Bitmap #cards 512 size 80 coarsen threshold 460 Card regions per heap region 1 cards per card region 2048
 CPUs: 8 total, 8 available
 Memory: 8192M
 Large Page Support: Disabled
 NUMA Support: Disabled
 Compressed Oops: Enabled (Zero based)
 Heap Region Size: 1M
 Heap Min Capacity: 8M
 Heap Initial Capacity: 128M
 Heap Max Capacity: 2G
 Pre-touch: Disabled
 Parallel Workers: 8
 Concurrent Workers: 2
 Concurrent Refinement Workers: 8
 Periodic GC: Disabled
Heap:
 garbage-first heap   total 133120K, used 113916K [0x0000000780000000, 0x0000000800000000)
  region size 1024K, 50 young (51200K), 3 survivors (3072K)
 Metaspace       used 80396K, committed 81216K, reserved 1179648K
  class space    used 11379K, committed 11776K, reserved 1048576K
GC Heap History (20 events):
Event: 4.466 GC heap before
{Heap before GC invocations=20 (full 0):
 garbage-first heap   total 92160K, used 79263K [0x0000000780000000, 0x0000000800000000)
  region size 1024K, 54 young (55296K), 5 survivors (5120K)
 Metaspace       used 67462K, committed 68160K, reserved 1114112K
  class space    used 9400K, committed 9728K, reserved 1048576K
}
Event: 4.469 GC heap after
{Heap after GC invocations=21 (full 0):
 garbage-first heap   total 92160K, used 31974K [0x0000000780000000, 0x0000000800000000)
  region size 1024K, 6 young (6144K), 6 survivors (6144K)
 Metaspace       used 67462K, committed 68160K, reserved 1114112K
  class space    used 9400K, committed 9728K, reserved 1048576K
}
Event: 4.542 GC heap before
{Heap before GC invocations=21 (full 0):
 garbage-first heap   total 92160K, used 80102K [0x0000000780000000, 0x0000000800000000)
  region size 1024K, 53 young (54272K), 6 survivors (6144K)
 Metaspace       used 67494K, committed 68224K, reserved 1114112K
  class space    used 9406K, committed 9728K, reserved 1048576K
}
Event: 4.545 GC heap after
{Heap after GC invocations=22 (full 0):
 garbage-first heap   total 92160K, used 34783K [0x0000000780000000, 0x0000000800000000)
  region size 1024K, 5 young (5120K), 5 survivors (5120K)
 Metaspace       used 67494K, committed 68224K, reserved 1114112K
  class space    used 9406K, committed 9728K, reserved 1048576K
}
Event: 4.618 GC heap before
{Heap before GC invocations=22 (full 0):
 garbage-first heap   total 92160K, used 81887K [0x0000000780000000, 0x0000000800000000)
  region size 1024K, 51 young (52224K), 5 survivors (5120K)
 Metaspace       used 67871K, committed 68544K, reserved 1114112K
  class space    used 9439K, committed 9728K, reserved 1048576K
}
Event: 4.619 GC heap after
{Heap after GC invocations=23 (full 0):
 garbage-first heap   total 110592K, used 32585K [0x0000000780000000, 0x0000000800000000)
  region size 1024K, 2 young (2048K), 2 survivors (2048K)
 Metaspace       used 67871K, committed 68544K, reserved 1114112K
  class space    used 9439K, committed 9728K, reserved 1048576K
}
Event: 4.751 GC heap before
{Heap before GC invocations=24 (full 0):
 garbage-first heap   total 110592K, used 96073K [0x0000000780000000, 0x0000000800000000)
  region size 1024K, 64 young (65536K), 2 survivors (2048K)
 Metaspace       used 69189K, committed 69888K, reserved 1114112K
  class space    used 9777K, committed 10048K, reserved 1048576K
}
Event: 4.754 GC heap after
{Heap after GC invocations=25 (full 0):
 garbage-first heap   total 110592K, used 40438K [0x0000000780000000, 0x0000000800000000)
  region size 1024K, 8 young (8192K), 8 survivors (8192K)
 Metaspace       used 69189K, committed 69888K, reserved 1114112K
  class space    used 9777K, committed 10048K, reserved 1048576K
}
Event: 4.836 GC heap before
{Heap before GC invocations=25 (full 0):
 garbage-first heap   total 110592K, used 96758K [0x0000000780000000, 0x0000000800000000)
  region size 1024K, 62 young (63488K), 8 survivors (8192K)
 Metaspace       used 69189K, committed 69888K, reserved 1114112K
  class space    used 9777K, committed 10048K, reserved 1048576K
}
Event: 4.844 GC heap after
{Heap after GC invocations=26 (full 0):
 garbage-first heap   total 125952K, used 61440K [0x0000000780000000, 0x0000000800000000)
  region size 1024K, 8 young (8192K), 8 survivors (8192K)
 Metaspace       used 69189K, committed 69888K, reserved 1114112K
  class space    used 9777K, committed 10048K, reserved 1048576K
}
Event: 4.901 GC heap before
{Heap before GC invocations=26 (full 0):
 garbage-first heap   total 125952K, used 102400K [0x0000000780000000, 0x0000000800000000)
  region size 1024K, 48 young (49152K), 8 survivors (8192K)
 Metaspace       used 69189K, committed 69888K, reserved 1114112K
  class space    used 9777K, committed 10048K, reserved 1048576K
}
Event: 4.904 GC heap after
{Heap after GC invocations=27 (full 0):
 garbage-first heap   total 125952K, used 65467K [0x0000000780000000, 0x0000000800000000)
  region size 1024K, 3 young (3072K), 3 survivors (3072K)
 Metaspace       used 69189K, committed 69888K, reserved 1114112K
  class space    used 9777K, committed 10048K, reserved 1048576K
}
Event: 4.983 GC heap before
{Heap before GC invocations=28 (full 0):
 garbage-first heap   total 133120K, used 103355K [0x0000000780000000, 0x0000000800000000)
  region size 1024K, 42 young (43008K), 3 survivors (3072K)
 Metaspace       used 70107K, committed 70848K, reserved 1114112K
  class space    used 9913K, committed 10240K, reserved 1048576K
}
Event: 4.983 GC heap after
{Heap after GC invocations=29 (full 0):
 garbage-first heap   total 133120K, used 62548K [0x0000000780000000, 0x0000000800000000)
  region size 1024K, 1 young (1024K), 1 survivors (1024K)
 Metaspace       used 70107K, committed 70848K, reserved 1114112K
  class space    used 9913K, committed 10240K, reserved 1048576K
}
Event: 5.196 GC heap before
{Heap before GC invocations=29 (full 0):
 garbage-first heap   total 133120K, used 113748K [0x0000000780000000, 0x0000000800000000)
  region size 1024K, 51 young (52224K), 1 survivors (1024K)
 Metaspace       used 73714K, committed 74432K, reserved 1114112K
  class space    used 10407K, committed 10688K, reserved 1048576K
}
Event: 5.197 GC heap after
{Heap after GC invocations=30 (full 0):
 garbage-first heap   total 133120K, used 64881K [0x0000000780000000, 0x0000000800000000)
  region size 1024K, 4 young (4096K), 4 survivors (4096K)
 Metaspace       used 73714K, committed 74432K, reserved 1114112K
  class space    used 10407K, committed 10688K, reserved 1048576K
}
Event: 32.678 GC heap before
{Heap before GC invocations=30 (full 0):
 garbage-first heap   total 133120K, used 116081K [0x0000000780000000, 0x0000000800000000)
  region size 1024K, 54 young (55296K), 4 survivors (4096K)
 Metaspace       used 77450K, committed 78272K, reserved 1179648K
  class space    used 10951K, committed 11328K, reserved 1048576K
}
Event: 32.683 GC heap after
{Heap after GC invocations=31 (full 0):
 garbage-first heap   total 133120K, used 66452K [0x0000000780000000, 0x0000000800000000)
  region size 1024K, 5 young (5120K), 5 survivors (5120K)
 Metaspace       used 77450K, committed 78272K, reserved 1179648K
  class space    used 10951K, committed 11328K, reserved 1048576K
}
Event: 203.866 GC heap before
{Heap before GC invocations=32 (full 0):
 garbage-first heap   total 133120K, used 117652K [0x0000000780000000, 0x0000000800000000)
  region size 1024K, 56 young (57344K), 5 survivors (5120K)
 Metaspace       used 79910K, committed 80704K, reserved 1179648K
  class space    used 11312K, committed 11648K, reserved 1048576K
}
Event: 203.901 GC heap after
{Heap after GC invocations=33 (full 0):
 garbage-first heap   total 133120K, used 66812K [0x0000000780000000, 0x0000000800000000)
  region size 1024K, 3 young (3072K), 3 survivors (3072K)
 Metaspace       used 79910K, committed 80704K, reserved 1179648K
  class space    used 11312K, committed 11648K, reserved 1048576K
}

